{"ts": "2026-06-15T09:38:13.236180", "action": "capture", "item_id": "1", "title": "\u6d4b\u8bd5\u4efb\u52a1:\u9a8c\u8bc1gtd CLI\u5de5\u4f5c"}
{"ts": "2026-06-15T09:38:40.560789", "action": "done", "item_id": "1", "title": "\u6d4b\u8bd5\u4efb\u52a1:\u9a8c\u8bc1gtd CLI\u5de5\u4f5c"}
{"ts": "2026-06-15T09:41:25.639676", "action": "project_create", "project": "\u6d4b\u8bd5\u9879\u76ee", "due": "2026-06-15T00:00:00Z"}
{"ts": "2026-06-15T09:41:36.872882", "action": "project_delete", "project": "\u6d4b\u8bd5\u9879\u76ee", "orphaned_items": 0}
{"ts": "2026-06-15T09:42:11.548614", "action": "project_create", "project": "6\u6708\u8003\u8bd5\u5b63", "due": "2026-06-30T00:00:00Z"}
{"ts": "2026-06-15T09:42:22.542959", "action": "project_create", "project": "6\u6708\u4f5c\u4e1a\u6e05\u96f6", "due": "2026-07-03T00:00:00Z"}
{"ts": "2026-06-15T09:42:32.265449", "action": "project_create", "project": "\u5927\u5b66\u8bed\u6587 8 \u7bc7\u80cc\u8bf5", "due": "2026-06-23T00:00:00Z"}
{"ts": "2026-06-15T09:42:37.390975", "action": "project_create", "project": "\u535a\u5f08\u8bba\u8bba\u6587", "due": "2026-06-14T00:00:00Z"}
{"ts": "2026-06-15T09:42:42.558623", "action": "project_create", "project": "e\u8bfe\u5c55\u793a", "due": "2026-06-14T00:00:00Z"}
{"ts": "2026-06-15T09:43:06.220683", "action": "project_update", "project": "\u535a\u5f08\u8bba\u8bba\u6587", "renamed_from": null, "due": null, "state": "closed"}
{"ts": "2026-06-15T09:43:11.197311", "action": "project_update", "project": "e\u8bfe\u5c55\u793a", "renamed_from": null, "due": null, "state": "closed"}
{"ts": "2026-06-15T09:43:26.942398", "action": "add", "item_id": "2", "title": "2026 \u76ee\u6807\uff1a\u5b8f\u89c2\u7ecf\u6d4e\u5b66/\u53d1\u5c55\u7ecf\u6d4e\u5b66\u7814\u7a76", "labels": ["energy/high", "status/active", "horizon/goal"]}
{"ts": "2026-06-15T09:43:42.729499", "action": "add", "item_id": "3", "title": "\u8ba1\u91cf\u7ecf\u6d4e\u5b66 \u7b2c 1 \u7ae0\u590d\u4e60 (OLS \u57fa\u7840)", "labels": ["context/focus", "energy/high", "status/active", "horizon/action"]}
{"ts": "2026-06-15T09:43:48.193424", "action": "add", "item_id": "4", "title": "\u8ba1\u91cf\u7ecf\u6d4e\u5b66 \u7b2c 2 \u7ae0\u590d\u4e60 (\u7b80\u5355\u56de\u5f52)", "labels": ["context/focus", "energy/high", "status/active", "horizon/action"]}
{"ts": "2026-06-15T09:43:54.031382", "action": "add", "item_id": "5", "title": "\u8ba1\u91cf\u7ecf\u6d4e\u5b66 \u7b2c 3 \u7ae0\u590d\u4e60 (\u591a\u5143\u56de\u5f52)", "labels": ["context/focus", "energy/high", "status/active", "horizon/action"]}
{"ts": "2026-06-15T09:44:00.478100", "action": "add", "item_id": "6", "title": "\u8ba1\u91cf\u7ecf\u6d4e\u5b66 \u7b2c 4 \u7ae0\u590d\u4e60 (\u591a\u5143\u56de\u5f52\u63a8\u65ad)", "labels": ["context/focus", "energy/high", "status/active", "horizon/action"]}
{"ts": "2026-06-15T09:44:06.417914", "action": "add", "item_id": "7", "title": "\u8ba1\u91cf\u7ecf\u6d4e\u5b66 \u7b2c 5 \u7ae0\u590d\u4e60 (\u591a\u91cd\u5171\u7ebf\u6027)", "labels": ["context/focus", "energy/high", "status/active", "horizon/action"]}
{"ts": "2026-06-15T09:44:21.447577", "action": "add", "item_id": "8", "title": "\u5b8f\u89c2\u7ecf\u6d4e\u5b66 Lecture 1-2 \u542f\u52a8 (\u5bfc\u8bba+GDP \u6838\u7b97)", "labels": ["context/focus", "energy/high", "status/active", "horizon/action"]}
{"ts": "2026-06-15T09:44:26.910135", "action": "add", "item_id": "9", "title": "\u5b8f\u89c2\u7ecf\u6d4e\u5b66 Lecture 3 (\u56fd\u6c11\u6536\u5165\u5206\u914d)", "labels": ["context/focus", "energy/high", "status/active", "horizon/action"]}
{"ts": "2026-06-15T09:44:31.958397", "action": "add", "item_id": "10", "title": "\u5927\u5b66\u8bed\u6587 \u522b\u8d4b #2 \u6bb5\u80cc\u8bf5", "labels": ["context/async", "energy/low", "status/active", "horizon/action"]}
{"ts": "2026-06-15T09:44:42.117118", "action": "add", "item_id": "11", "title": "\u5927\u5b66\u8bed\u6587 \u738b\u89c2\u5802\u7eaa\u5ff5\u7891\u94ed (\u5176\u8bcd\u66f0\u8d77) \u80cc\u8bf5", "labels": ["context/async", "energy/low", "status/active", "horizon/action"]}
{"ts": "2026-06-15T09:44:47.682186", "action": "add", "item_id": "12", "title": "\u8fd0\u52a8 (\u6237\u5916 1 \u5c0f\u65f6)", "labels": ["context/offsite", "energy/high", "status/active", "horizon/action"]}
{"ts": "2026-06-15T09:45:00.242354", "action": "due", "item_id": "3", "title": "\u8ba1\u91cf\u7ecf\u6d4e\u5b66 \u7b2c 1 \u7ae0\u590d\u4e60 (OLS \u57fa\u7840)", "due_date": "2026-06-15"}
{"ts": "2026-06-15T09:45:13.455978", "action": "due", "item_id": "3", "title": "\u8ba1\u91cf\u7ecf\u6d4e\u5b66 \u7b2c 1 \u7ae0\u590d\u4e60 (OLS \u57fa\u7840)", "due_date": "2026-06-15"}
{"ts": "2026-06-15T09:45:25.438230", "action": "due", "item_id": "4", "title": "\u8ba1\u91cf\u7ecf\u6d4e\u5b66 \u7b2c 2 \u7ae0\u590d\u4e60 (\u7b80\u5355\u56de\u5f52)", "due_date": "2026-06-15"}
{"ts": "2026-06-15T09:45:32.135077", "action": "due", "item_id": "5", "title": "\u8ba1\u91cf\u7ecf\u6d4e\u5b66 \u7b2c 3 \u7ae0\u590d\u4e60 (\u591a\u5143\u56de\u5f52)", "due_date": "2026-06-15"}
{"ts": "2026-06-15T09:45:43.356869", "action": "due", "item_id": "6", "title": "\u8ba1\u91cf\u7ecf\u6d4e\u5b66 \u7b2c 4 \u7ae0\u590d\u4e60 (\u591a\u5143\u56de\u5f52\u63a8\u65ad)", "due_date": "2026-06-15"}
{"ts": "2026-06-15T09:45:58.126712", "action": "due", "item_id": "7", "title": "\u8ba1\u91cf\u7ecf\u6d4e\u5b66 \u7b2c 5 \u7ae0\u590d\u4e60 (\u591a\u91cd\u5171\u7ebf\u6027)", "due_date": "2026-06-15"}
{"ts": "2026-06-15T09:46:05.684311", "action": "due", "item_id": "8", "title": "\u5b8f\u89c2\u7ecf\u6d4e\u5b66 Lecture 1-2 \u542f\u52a8 (\u5bfc\u8bba+GDP \u6838\u7b97)", "due_date": "2026-06-15"}
{"ts": "2026-06-15T09:46:11.942915", "action": "due", "item_id": "9", "title": "\u5b8f\u89c2\u7ecf\u6d4e\u5b66 Lecture 3 (\u56fd\u6c11\u6536\u5165\u5206\u914d)", "due_date": "2026-06-15"}
{"ts": "2026-06-15T09:46:18.661780", "action": "due", "item_id": "10", "title": "\u5927\u5b66\u8bed\u6587 \u522b\u8d4b #2 \u6bb5\u80cc\u8bf5", "due_date": "2026-06-15"}
{"ts": "2026-06-15T09:46:25.558878", "action": "due", "item_id": "11", "title": "\u5927\u5b66\u8bed\u6587 \u738b\u89c2\u5802\u7eaa\u5ff5\u7891\u94ed (\u5176\u8bcd\u66f0\u8d77) \u80cc\u8bf5", "due_date": "2026-06-15"}
{"ts": "2026-06-15T09:46:41.705177", "action": "due", "item_id": "12", "title": "\u8fd0\u52a8 (\u6237\u5916 1 \u5c0f\u65f6)", "due_date": "2026-06-15"}
{"ts": "2026-06-15T09:47:11.703020", "action": "add", "item_id": "13", "title": "06-23 14:00 \u8ba1\u91cf\u7ecf\u6d4e\u5b66\u57fa\u7840 \u8003\u8bd5", "labels": ["context/focus", "energy/high", "status/active", "horizon/action"]}
{"ts": "2026-06-15T09:47:17.682516", "action": "add", "item_id": "14", "title": "06-26 10:00 \u5b8f\u89c2\u7ecf\u6d4e\u5b66 \u8003\u8bd5 (GTD \u4e3b\u76ee\u6807)", "labels": ["context/focus", "energy/high", "status/active", "horizon/action"]}
{"ts": "2026-06-15T09:47:23.290627", "action": "add", "item_id": "15", "title": "06-29 14:00 \u56fd\u9645\u8d38\u6613\u5b9e\u52a1 \u8003\u8bd5", "labels": ["context/focus", "energy/high", "status/active", "horizon/action"]}
{"ts": "2026-06-15T09:47:29.709774", "action": "add", "item_id": "16", "title": "06-30 14:00 \u52a8\u6001\u4f18\u5316 \u8003\u8bd5", "labels": ["context/focus", "energy/high", "status/active", "horizon/action"]}
{"ts": "2026-06-15T09:47:35.270581", "action": "add", "item_id": "17", "title": "07-03 \u8ba1\u91cf\u7ecf\u6d4e\u5b66\u4f5c\u4e1a", "labels": ["context/focus", "energy/high", "status/active", "horizon/action"]}
{"ts": "2026-06-15T09:47:53.545676", "action": "add", "item_id": "18", "title": "06-24 14:00 \u5927\u5b66\u8bed\u6587 \u8003\u8bd5", "labels": ["context/focus", "energy/high", "status/active", "horizon/action"]}
{"ts": "2026-06-15T09:47:59.511621", "action": "add", "item_id": "19", "title": "06-25 10:00 \u6bdb\u4e2d\u7279 \u8003\u8bd5", "labels": ["context/focus", "energy/high", "status/active", "horizon/action"]}
